Traceback (most recent call last):
  File "/Users/instructorzamora/miniconda3/envs/ml_venv/lib/python3.9/site-packages/jupyter_cache/executors/utils.py", line 58, in single_nb_execution
    executenb(
  File "/Users/instructorzamora/miniconda3/envs/ml_venv/lib/python3.9/site-packages/nbclient/client.py", line 1305, in execute
    return NotebookClient(nb=nb, resources=resources, km=km, **kwargs).execute()
  File "/Users/instructorzamora/miniconda3/envs/ml_venv/lib/python3.9/site-packages/jupyter_core/utils/__init__.py", line 166, in wrapped
    return loop.run_until_complete(inner)
  File "/Users/instructorzamora/miniconda3/envs/ml_venv/lib/python3.9/asyncio/base_events.py", line 642, in run_until_complete
    return future.result()
  File "/Users/instructorzamora/miniconda3/envs/ml_venv/lib/python3.9/site-packages/nbclient/client.py", line 705, in async_execute
    await self.async_execute_cell(
  File "/Users/instructorzamora/miniconda3/envs/ml_venv/lib/python3.9/site-packages/nbclient/client.py", line 1058, in async_execute_cell
    await self._check_raise_for_error(cell, cell_index, exec_reply)
  File "/Users/instructorzamora/miniconda3/envs/ml_venv/lib/python3.9/site-packages/nbclient/client.py", line 914, in _check_raise_for_error
    raise CellExecutionError.from_cell_and_msg(cell, exec_reply_content)
nbclient.exceptions.CellExecutionError: An error occurred while executing the following cell:
------------------
import warnings
warnings.filterwarnings("ignore")
 
import pandas as pd
import numpy as np
import matplotlib.pyplot as plt
import statsmodels.api as sm
from statsmodels.tsa.stattools import acf, q_stat
from statsmodels.tsa.holtwinters import SimpleExpSmoothing
 
# 1. Lectura de datos y limpieza
data_url = "https://raw.githubusercontent.com/lihkir/Data/refs/heads/main/Bitcoin%20Historical%20Data.csv"
df = pd.read_csv(data_url, parse_dates=['Date'], index_col='Date')
 
# Ordenar por fecha (índice) en orden ascendente
df.sort_index(inplace=True)
 
def parse_volume_str(vol_str):
    if not isinstance(vol_str, str):
        return vol_str
    vol_str = vol_str.replace(",", "").strip()
    if vol_str.endswith('K'):
        return float(vol_str[:-1]) * 1e3
    elif vol_str.endswith('M'):
        return float(vol_str[:-1]) * 1e6
    elif vol_str.endswith('B'):
        return float(vol_str[:-1]) * 1e9
    else:
        return float(vol_str)
 
df["Vol."] = df["Vol."].apply(parse_volume_str)
df["Change %"] = df["Change %"].astype(str).str.replace("%", "").astype(float)
df['Price'] = df['Price'].astype(str).str.replace(',', '').astype(float)
df['High'] = df['High'].astype(str).str.replace(',', '').astype(float)
df['Low'] = df['Low'].astype(str).str.replace(',', '').astype(float)
df['Open'] = df['Open'].astype(str).str.replace(',', '').astype(float)
------------------


[0;31m---------------------------------------------------------------------------[0m
[0;31mModuleNotFoundError[0m                       Traceback (most recent call last)
Cell [0;32mIn[1], line 7[0m
[1;32m      5[0m [38;5;28;01mimport[39;00m[38;5;250m [39m[38;5;21;01mnumpy[39;00m[38;5;250m [39m[38;5;28;01mas[39;00m[38;5;250m [39m[38;5;21;01mnp[39;00m
[1;32m      6[0m [38;5;28;01mimport[39;00m[38;5;250m [39m[38;5;21;01mmatplotlib[39;00m[38;5;21;01m.[39;00m[38;5;21;01mpyplot[39;00m[38;5;250m [39m[38;5;28;01mas[39;00m[38;5;250m [39m[38;5;21;01mplt[39;00m
[0;32m----> 7[0m [38;5;28;01mimport[39;00m[38;5;250m [39m[38;5;21;01mstatsmodels[39;00m[38;5;21;01m.[39;00m[38;5;21;01mapi[39;00m[38;5;250m [39m[38;5;28;01mas[39;00m[38;5;250m [39m[38;5;21;01msm[39;00m
[1;32m      8[0m [38;5;28;01mfrom[39;00m[38;5;250m [39m[38;5;21;01mstatsmodels[39;00m[38;5;21;01m.[39;00m[38;5;21;01mtsa[39;00m[38;5;21;01m.[39;00m[38;5;21;01mstattools[39;00m[38;5;250m [39m[38;5;28;01mimport[39;00m acf, q_stat
[1;32m      9[0m [38;5;28;01mfrom[39;00m[38;5;250m [39m[38;5;21;01mstatsmodels[39;00m[38;5;21;01m.[39;00m[38;5;21;01mtsa[39;00m[38;5;21;01m.[39;00m[38;5;21;01mholtwinters[39;00m[38;5;250m [39m[38;5;28;01mimport[39;00m SimpleExpSmoothing

[0;31mModuleNotFoundError[0m: No module named 'statsmodels'

